Copyright 1986-2022 Xilinx, Inc. All Rights Reserved. Copyright 2022-2024 Advanced Micro Devices, Inc. All Rights Reserved.
---------------------------------------------------------------------------------------------------------------------------------------------
| Tool Version : Vivado v.2024.1 (win64) Build 5076996 Wed May 22 18:37:14 MDT 2024
| Date         : Fri Dec 13 17:05:37 2024
| Host         : ACER-i7-Notebook running 64-bit major release  (build 9200)
| Command      : report_drc -file TetrisTopModule_drc_routed.rpt -pb TetrisTopModule_drc_routed.pb -rpx TetrisTopModule_drc_routed.rpx
| Design       : TetrisTopModule
| Device       : xc7a35tcpg236-1
| Speed File   : -1
| Design State : Fully Routed
---------------------------------------------------------------------------------------------------------------------------------------------

Report DRC

Table of Contents
-----------------
1. REPORT SUMMARY
2. REPORT DETAILS

1. REPORT SUMMARY
-----------------
            Netlist: netlist
          Floorplan: design_1
      Design limits: <entire design considered>
           Ruledeck: default
             Max violations: <unlimited>
             Violations found: 211
+----------+----------+-----------------------------------------------------+------------+
| Rule     | Severity | Description                                         | Violations |
+----------+----------+-----------------------------------------------------+------------+
| CFGBVS-1 | Warning  | Missing CFGBVS and CONFIG_VOLTAGE Design Properties | 1          |
| PDRC-153 | Warning  | Gated clock check                                   | 210        |
+----------+----------+-----------------------------------------------------+------------+

2. REPORT DETAILS
-----------------
CFGBVS-1#1 Warning
Missing CFGBVS and CONFIG_VOLTAGE Design Properties  
Neither the CFGBVS nor CONFIG_VOLTAGE voltage property is set in the current_design.  Configuration bank voltage select (CFGBVS) must be set to VCCO or GND, and CONFIG_VOLTAGE must be set to the correct configuration voltage, in order to determine the I/O voltage support for the pins in bank 0.  It is suggested to specify these either using the 'Edit Device Properties' function in the GUI or directly in the XDC file using the following syntax:

 set_property CFGBVS value1 [current_design]
 #where value1 is either VCCO or GND

 set_property CONFIG_VOLTAGE value2 [current_design]
 #where value2 is the voltage provided to configuration bank 0

Refer to the device configuration user guide for more information.
Related violations: <none>

PDRC-153#1 Warning
Gated clock check  
Net gl/grid_reg[100]_1 is a gated clock net sourced by a combinational pin gl/grid_reg[100]_LDC_i_1/O, cell gl/grid_reg[100]_LDC_i_1. This is not good design practice and will likely impact performance. For SLICE registers, for example, use the CE pin to control the loading of data.
Related violations: <none>

PDRC-153#2 Warning
Gated clock check  
Net gl/grid_reg[101]_1 is a gated clock net sourced by a combinational pin gl/grid_reg[101]_LDC_i_1/O, cell gl/grid_reg[101]_LDC_i_1. This is not good design practice and will likely impact performance. For SLICE registers, for example, use the CE pin to control the loading of data.
Related violations: <none>

PDRC-153#3 Warning
Gated clock check  
Net gl/grid_reg[102]_1 is a gated clock net sourced by a combinational pin gl/grid_reg[102]_LDC_i_1/O, cell gl/grid_reg[102]_LDC_i_1. This is not good design practice and will likely impact performance. For SLICE registers, for example, use the CE pin to control the loading of data.
Related violations: <none>

PDRC-153#4 Warning
Gated clock check  
Net gl/grid_reg[103]_1 is a gated clock net sourced by a combinational pin gl/grid_reg[103]_LDC_i_1/O, cell gl/grid_reg[103]_LDC_i_1. This is not good design practice and will likely impact performance. For SLICE registers, for example, use the CE pin to control the loading of data.
Related violations: <none>

PDRC-153#5 Warning
Gated clock check  
Net gl/grid_reg[104]_1 is a gated clock net sourced by a combinational pin gl/grid_reg[104]_LDC_i_1/O, cell gl/grid_reg[104]_LDC_i_1. This is not good design practice and will likely impact performance. For SLICE registers, for example, use the CE pin to control the loading of data.
Related violations: <none>

PDRC-153#6 Warning
Gated clock check  
Net gl/grid_reg[105]_1 is a gated clock net sourced by a combinational pin gl/grid_reg[105]_LDC_i_1/O, cell gl/grid_reg[105]_LDC_i_1. This is not good design practice and will likely impact performance. For SLICE registers, for example, use the CE pin to control the loading of data.
Related violations: <none>

PDRC-153#7 Warning
Gated clock check  
Net gl/grid_reg[106]_1 is a gated clock net sourced by a combinational pin gl/grid_reg[106]_LDC_i_1/O, cell gl/grid_reg[106]_LDC_i_1. This is not good design practice and will likely impact performance. For SLICE registers, for example, use the CE pin to control the loading of data.
Related violations: <none>

PDRC-153#8 Warning
Gated clock check  
Net gl/grid_reg[109]_1 is a gated clock net sourced by a combinational pin gl/grid_reg[109]_LDC_i_1/O, cell gl/grid_reg[109]_LDC_i_1. This is not good design practice and will likely impact performance. For SLICE registers, for example, use the CE pin to control the loading of data.
Related violations: <none>

PDRC-153#9 Warning
Gated clock check  
Net gl/grid_reg[110]_1 is a gated clock net sourced by a combinational pin gl/grid_reg[110]_LDC_i_1/O, cell gl/grid_reg[110]_LDC_i_1. This is not good design practice and will likely impact performance. For SLICE registers, for example, use the CE pin to control the loading of data.
Related violations: <none>

PDRC-153#10 Warning
Gated clock check  
Net gl/grid_reg[111]_1 is a gated clock net sourced by a combinational pin gl/grid_reg[111]_LDC_i_1/O, cell gl/grid_reg[111]_LDC_i_1. This is not good design practice and will likely impact performance. For SLICE registers, for example, use the CE pin to control the loading of data.
Related violations: <none>

PDRC-153#11 Warning
Gated clock check  
Net gl/grid_reg[112]_1 is a gated clock net sourced by a combinational pin gl/grid_reg[112]_LDC_i_1/O, cell gl/grid_reg[112]_LDC_i_1. This is not good design practice and will likely impact performance. For SLICE registers, for example, use the CE pin to control the loading of data.
Related violations: <none>

PDRC-153#12 Warning
Gated clock check  
Net gl/grid_reg[113]_1 is a gated clock net sourced by a combinational pin gl/grid_reg[113]_LDC_i_1/O, cell gl/grid_reg[113]_LDC_i_1. This is not good design practice and will likely impact performance. For SLICE registers, for example, use the CE pin to control the loading of data.
Related violations: <none>

PDRC-153#13 Warning
Gated clock check  
Net gl/grid_reg[114]_1 is a gated clock net sourced by a combinational pin gl/grid_reg[114]_LDC_i_1/O, cell gl/grid_reg[114]_LDC_i_1. This is not good design practice and will likely impact performance. For SLICE registers, for example, use the CE pin to control the loading of data.
Related violations: <none>

PDRC-153#14 Warning
Gated clock check  
Net gl/grid_reg[115]_1 is a gated clock net sourced by a combinational pin gl/grid_reg[115]_LDC_i_1/O, cell gl/grid_reg[115]_LDC_i_1. This is not good design practice and will likely impact performance. For SLICE registers, for example, use the CE pin to control the loading of data.
Related violations: <none>

PDRC-153#15 Warning
Gated clock check  
Net gl/grid_reg[116]_1 is a gated clock net sourced by a combinational pin gl/grid_reg[116]_LDC_i_1/O, cell gl/grid_reg[116]_LDC_i_1. This is not good design practice and will likely impact performance. For SLICE registers, for example, use the CE pin to control the loading of data.
Related violations: <none>

PDRC-153#16 Warning
Gated clock check  
Net gl/grid_reg[117]_1 is a gated clock net sourced by a combinational pin gl/grid_reg[117]_LDC_i_1/O, cell gl/grid_reg[117]_LDC_i_1. This is not good design practice and will likely impact performance. For SLICE registers, for example, use the CE pin to control the loading of data.
Related violations: <none>

PDRC-153#17 Warning
Gated clock check  
Net gl/grid_reg[118]_1 is a gated clock net sourced by a combinational pin gl/grid_reg[118]_LDC_i_1/O, cell gl/grid_reg[118]_LDC_i_1. This is not good design practice and will likely impact performance. For SLICE registers, for example, use the CE pin to control the loading of data.
Related violations: <none>

PDRC-153#18 Warning
Gated clock check  
Net gl/grid_reg[121]_1 is a gated clock net sourced by a combinational pin gl/grid_reg[121]_LDC_i_1/O, cell gl/grid_reg[121]_LDC_i_1. This is not good design practice and will likely impact performance. For SLICE registers, for example, use the CE pin to control the loading of data.
Related violations: <none>

PDRC-153#19 Warning
Gated clock check  
Net gl/grid_reg[122]_1 is a gated clock net sourced by a combinational pin gl/grid_reg[122]_LDC_i_1/O, cell gl/grid_reg[122]_LDC_i_1. This is not good design practice and will likely impact performance. For SLICE registers, for example, use the CE pin to control the loading of data.
Related violations: <none>

PDRC-153#20 Warning
Gated clock check  
Net gl/grid_reg[123]_1 is a gated clock net sourced by a combinational pin gl/grid_reg[123]_LDC_i_1/O, cell gl/grid_reg[123]_LDC_i_1. This is not good design practice and will likely impact performance. For SLICE registers, for example, use the CE pin to control the loading of data.
Related violations: <none>

PDRC-153#21 Warning
Gated clock check  
Net gl/grid_reg[124]_1 is a gated clock net sourced by a combinational pin gl/grid_reg[124]_LDC_i_1/O, cell gl/grid_reg[124]_LDC_i_1. This is not good design practice and will likely impact performance. For SLICE registers, for example, use the CE pin to control the loading of data.
Related violations: <none>

PDRC-153#22 Warning
Gated clock check  
Net gl/grid_reg[125]_1 is a gated clock net sourced by a combinational pin gl/grid_reg[125]_LDC_i_1/O, cell gl/grid_reg[125]_LDC_i_1. This is not good design practice and will likely impact performance. For SLICE registers, for example, use the CE pin to control the loading of data.
Related violations: <none>

PDRC-153#23 Warning
Gated clock check  
Net gl/grid_reg[126]_1 is a gated clock net sourced by a combinational pin gl/grid_reg[126]_LDC_i_1/O, cell gl/grid_reg[126]_LDC_i_1. This is not good design practice and will likely impact performance. For SLICE registers, for example, use the CE pin to control the loading of data.
Related violations: <none>

PDRC-153#24 Warning
Gated clock check  
Net gl/grid_reg[127]_1 is a gated clock net sourced by a combinational pin gl/grid_reg[127]_LDC_i_1/O, cell gl/grid_reg[127]_LDC_i_1. This is not good design practice and will likely impact performance. For SLICE registers, for example, use the CE pin to control the loading of data.
Related violations: <none>

PDRC-153#25 Warning
Gated clock check  
Net gl/grid_reg[128]_1 is a gated clock net sourced by a combinational pin gl/grid_reg[128]_LDC_i_1/O, cell gl/grid_reg[128]_LDC_i_1. This is not good design practice and will likely impact performance. For SLICE registers, for example, use the CE pin to control the loading of data.
Related violations: <none>

PDRC-153#26 Warning
Gated clock check  
Net gl/grid_reg[129]_1 is a gated clock net sourced by a combinational pin gl/grid_reg[129]_LDC_i_1/O, cell gl/grid_reg[129]_LDC_i_1. This is not good design practice and will likely impact performance. For SLICE registers, for example, use the CE pin to control the loading of data.
Related violations: <none>

PDRC-153#27 Warning
Gated clock check  
Net gl/grid_reg[130]_1 is a gated clock net sourced by a combinational pin gl/grid_reg[130]_LDC_i_1/O, cell gl/grid_reg[130]_LDC_i_1. This is not good design practice and will likely impact performance. For SLICE registers, for example, use the CE pin to control the loading of data.
Related violations: <none>

PDRC-153#28 Warning
Gated clock check  
Net gl/grid_reg[133]_1 is a gated clock net sourced by a combinational pin gl/grid_reg[133]_LDC_i_1/O, cell gl/grid_reg[133]_LDC_i_1. This is not good design practice and will likely impact performance. For SLICE registers, for example, use the CE pin to control the loading of data.
Related violations: <none>

PDRC-153#29 Warning
Gated clock check  
Net gl/grid_reg[134]_1 is a gated clock net sourced by a combinational pin gl/grid_reg[134]_LDC_i_1/O, cell gl/grid_reg[134]_LDC_i_1. This is not good design practice and will likely impact performance. For SLICE registers, for example, use the CE pin to control the loading of data.
Related violations: <none>

PDRC-153#30 Warning
Gated clock check  
Net gl/grid_reg[135]_1 is a gated clock net sourced by a combinational pin gl/grid_reg[135]_LDC_i_1/O, cell gl/grid_reg[135]_LDC_i_1. This is not good design practice and will likely impact performance. For SLICE registers, for example, use the CE pin to control the loading of data.
Related violations: <none>

PDRC-153#31 Warning
Gated clock check  
Net gl/grid_reg[136]_1 is a gated clock net sourced by a combinational pin gl/grid_reg[136]_LDC_i_1/O, cell gl/grid_reg[136]_LDC_i_1. This is not good design practice and will likely impact performance. For SLICE registers, for example, use the CE pin to control the loading of data.
Related violations: <none>

PDRC-153#32 Warning
Gated clock check  
Net gl/grid_reg[137]_1 is a gated clock net sourced by a combinational pin gl/grid_reg[137]_LDC_i_1/O, cell gl/grid_reg[137]_LDC_i_1. This is not good design practice and will likely impact performance. For SLICE registers, for example, use the CE pin to control the loading of data.
Related violations: <none>

PDRC-153#33 Warning
Gated clock check  
Net gl/grid_reg[138]_1 is a gated clock net sourced by a combinational pin gl/grid_reg[138]_LDC_i_1/O, cell gl/grid_reg[138]_LDC_i_1. This is not good design practice and will likely impact performance. For SLICE registers, for example, use the CE pin to control the loading of data.
Related violations: <none>

PDRC-153#34 Warning
Gated clock check  
Net gl/grid_reg[139]_1 is a gated clock net sourced by a combinational pin gl/grid_reg[139]_LDC_i_1/O, cell gl/grid_reg[139]_LDC_i_1. This is not good design practice and will likely impact performance. For SLICE registers, for example, use the CE pin to control the loading of data.
Related violations: <none>

PDRC-153#35 Warning
Gated clock check  
Net gl/grid_reg[140]_1 is a gated clock net sourced by a combinational pin gl/grid_reg[140]_LDC_i_1/O, cell gl/grid_reg[140]_LDC_i_1. This is not good design practice and will likely impact performance. For SLICE registers, for example, use the CE pin to control the loading of data.
Related violations: <none>

PDRC-153#36 Warning
Gated clock check  
Net gl/grid_reg[141]_1 is a gated clock net sourced by a combinational pin gl/grid_reg[141]_LDC_i_1/O, cell gl/grid_reg[141]_LDC_i_1. This is not good design practice and will likely impact performance. For SLICE registers, for example, use the CE pin to control the loading of data.
Related violations: <none>

PDRC-153#37 Warning
Gated clock check  
Net gl/grid_reg[142]_1 is a gated clock net sourced by a combinational pin gl/grid_reg[142]_LDC_i_1/O, cell gl/grid_reg[142]_LDC_i_1. This is not good design practice and will likely impact performance. For SLICE registers, for example, use the CE pin to control the loading of data.
Related violations: <none>

PDRC-153#38 Warning
Gated clock check  
Net gl/grid_reg[145]_1 is a gated clock net sourced by a combinational pin gl/grid_reg[145]_LDC_i_1/O, cell gl/grid_reg[145]_LDC_i_1. This is not good design practice and will likely impact performance. For SLICE registers, for example, use the CE pin to control the loading of data.
Related violations: <none>

PDRC-153#39 Warning
Gated clock check  
Net gl/grid_reg[146]_1 is a gated clock net sourced by a combinational pin gl/grid_reg[146]_LDC_i_1/O, cell gl/grid_reg[146]_LDC_i_1. This is not good design practice and will likely impact performance. For SLICE registers, for example, use the CE pin to control the loading of data.
Related violations: <none>

PDRC-153#40 Warning
Gated clock check  
Net gl/grid_reg[147]_1 is a gated clock net sourced by a combinational pin gl/grid_reg[147]_LDC_i_1/O, cell gl/grid_reg[147]_LDC_i_1. This is not good design practice and will likely impact performance. For SLICE registers, for example, use the CE pin to control the loading of data.
Related violations: <none>

PDRC-153#41 Warning
Gated clock check  
Net gl/grid_reg[148]_1 is a gated clock net sourced by a combinational pin gl/grid_reg[148]_LDC_i_1/O, cell gl/grid_reg[148]_LDC_i_1. This is not good design practice and will likely impact performance. For SLICE registers, for example, use the CE pin to control the loading of data.
Related violations: <none>

PDRC-153#42 Warning
Gated clock check  
Net gl/grid_reg[149]_1 is a gated clock net sourced by a combinational pin gl/grid_reg[149]_LDC_i_1/O, cell gl/grid_reg[149]_LDC_i_1. This is not good design practice and will likely impact performance. For SLICE registers, for example, use the CE pin to control the loading of data.
Related violations: <none>

PDRC-153#43 Warning
Gated clock check  
Net gl/grid_reg[150]_1 is a gated clock net sourced by a combinational pin gl/grid_reg[150]_LDC_i_1/O, cell gl/grid_reg[150]_LDC_i_1. This is not good design practice and will likely impact performance. For SLICE registers, for example, use the CE pin to control the loading of data.
Related violations: <none>

PDRC-153#44 Warning
Gated clock check  
Net gl/grid_reg[151]_1 is a gated clock net sourced by a combinational pin gl/grid_reg[151]_LDC_i_1/O, cell gl/grid_reg[151]_LDC_i_1. This is not good design practice and will likely impact performance. For SLICE registers, for example, use the CE pin to control the loading of data.
Related violations: <none>

PDRC-153#45 Warning
Gated clock check  
Net gl/grid_reg[152]_1 is a gated clock net sourced by a combinational pin gl/grid_reg[152]_LDC_i_1/O, cell gl/grid_reg[152]_LDC_i_1. This is not good design practice and will likely impact performance. For SLICE registers, for example, use the CE pin to control the loading of data.
Related violations: <none>

PDRC-153#46 Warning
Gated clock check  
Net gl/grid_reg[153]_1 is a gated clock net sourced by a combinational pin gl/grid_reg[153]_LDC_i_1/O, cell gl/grid_reg[153]_LDC_i_1. This is not good design practice and will likely impact performance. For SLICE registers, for example, use the CE pin to control the loading of data.
Related violations: <none>

PDRC-153#47 Warning
Gated clock check  
Net gl/grid_reg[154]_1 is a gated clock net sourced by a combinational pin gl/grid_reg[154]_LDC_i_1/O, cell gl/grid_reg[154]_LDC_i_1. This is not good design practice and will likely impact performance. For SLICE registers, for example, use the CE pin to control the loading of data.
Related violations: <none>

PDRC-153#48 Warning
Gated clock check  
Net gl/grid_reg[157]_1 is a gated clock net sourced by a combinational pin gl/grid_reg[157]_LDC_i_1/O, cell gl/grid_reg[157]_LDC_i_1. This is not good design practice and will likely impact performance. For SLICE registers, for example, use the CE pin to control the loading of data.
Related violations: <none>

PDRC-153#49 Warning
Gated clock check  
Net gl/grid_reg[158]_1 is a gated clock net sourced by a combinational pin gl/grid_reg[158]_LDC_i_1/O, cell gl/grid_reg[158]_LDC_i_1. This is not good design practice and will likely impact performance. For SLICE registers, for example, use the CE pin to control the loading of data.
Related violations: <none>

PDRC-153#50 Warning
Gated clock check  
Net gl/grid_reg[159]_1 is a gated clock net sourced by a combinational pin gl/grid_reg[159]_LDC_i_1/O, cell gl/grid_reg[159]_LDC_i_1. This is not good design practice and will likely impact performance. For SLICE registers, for example, use the CE pin to control the loading of data.
Related violations: <none>

PDRC-153#51 Warning
Gated clock check  
Net gl/grid_reg[160]_1 is a gated clock net sourced by a combinational pin gl/grid_reg[160]_LDC_i_1/O, cell gl/grid_reg[160]_LDC_i_1. This is not good design practice and will likely impact performance. For SLICE registers, for example, use the CE pin to control the loading of data.
Related violations: <none>

PDRC-153#52 Warning
Gated clock check  
Net gl/grid_reg[161]_1 is a gated clock net sourced by a combinational pin gl/grid_reg[161]_LDC_i_1/O, cell gl/grid_reg[161]_LDC_i_1. This is not good design practice and will likely impact performance. For SLICE registers, for example, use the CE pin to control the loading of data.
Related violations: <none>

PDRC-153#53 Warning
Gated clock check  
Net gl/grid_reg[162]_1 is a gated clock net sourced by a combinational pin gl/grid_reg[162]_LDC_i_1/O, cell gl/grid_reg[162]_LDC_i_1. This is not good design practice and will likely impact performance. For SLICE registers, for example, use the CE pin to control the loading of data.
Related violations: <none>

PDRC-153#54 Warning
Gated clock check  
Net gl/grid_reg[163]_1 is a gated clock net sourced by a combinational pin gl/grid_reg[163]_LDC_i_1/O, cell gl/grid_reg[163]_LDC_i_1. This is not good design practice and will likely impact performance. For SLICE registers, for example, use the CE pin to control the loading of data.
Related violations: <none>

PDRC-153#55 Warning
Gated clock check  
Net gl/grid_reg[164]_1 is a gated clock net sourced by a combinational pin gl/grid_reg[164]_LDC_i_1/O, cell gl/grid_reg[164]_LDC_i_1. This is not good design practice and will likely impact performance. For SLICE registers, for example, use the CE pin to control the loading of data.
Related violations: <none>

PDRC-153#56 Warning
Gated clock check  
Net gl/grid_reg[165]_1 is a gated clock net sourced by a combinational pin gl/grid_reg[165]_LDC_i_1/O, cell gl/grid_reg[165]_LDC_i_1. This is not good design practice and will likely impact performance. For SLICE registers, for example, use the CE pin to control the loading of data.
Related violations: <none>

PDRC-153#57 Warning
Gated clock check  
Net gl/grid_reg[166]_1 is a gated clock net sourced by a combinational pin gl/grid_reg[166]_LDC_i_1/O, cell gl/grid_reg[166]_LDC_i_1. This is not good design practice and will likely impact performance. For SLICE registers, for example, use the CE pin to control the loading of data.
Related violations: <none>

PDRC-153#58 Warning
Gated clock check  
Net gl/grid_reg[169]_1 is a gated clock net sourced by a combinational pin gl/grid_reg[169]_LDC_i_1/O, cell gl/grid_reg[169]_LDC_i_1. This is not good design practice and will likely impact performance. For SLICE registers, for example, use the CE pin to control the loading of data.
Related violations: <none>

PDRC-153#59 Warning
Gated clock check  
Net gl/grid_reg[170]_1 is a gated clock net sourced by a combinational pin gl/grid_reg[170]_LDC_i_1/O, cell gl/grid_reg[170]_LDC_i_1. This is not good design practice and will likely impact performance. For SLICE registers, for example, use the CE pin to control the loading of data.
Related violations: <none>

PDRC-153#60 Warning
Gated clock check  
Net gl/grid_reg[171]_1 is a gated clock net sourced by a combinational pin gl/grid_reg[171]_LDC_i_1/O, cell gl/grid_reg[171]_LDC_i_1. This is not good design practice and will likely impact performance. For SLICE registers, for example, use the CE pin to control the loading of data.
Related violations: <none>

PDRC-153#61 Warning
Gated clock check  
Net gl/grid_reg[172]_1 is a gated clock net sourced by a combinational pin gl/grid_reg[172]_LDC_i_1/O, cell gl/grid_reg[172]_LDC_i_1. This is not good design practice and will likely impact performance. For SLICE registers, for example, use the CE pin to control the loading of data.
Related violations: <none>

PDRC-153#62 Warning
Gated clock check  
Net gl/grid_reg[173]_1 is a gated clock net sourced by a combinational pin gl/grid_reg[173]_LDC_i_1/O, cell gl/grid_reg[173]_LDC_i_1. This is not good design practice and will likely impact performance. For SLICE registers, for example, use the CE pin to control the loading of data.
Related violations: <none>

PDRC-153#63 Warning
Gated clock check  
Net gl/grid_reg[174]_1 is a gated clock net sourced by a combinational pin gl/grid_reg[174]_LDC_i_1/O, cell gl/grid_reg[174]_LDC_i_1. This is not good design practice and will likely impact performance. For SLICE registers, for example, use the CE pin to control the loading of data.
Related violations: <none>

PDRC-153#64 Warning
Gated clock check  
Net gl/grid_reg[175]_1 is a gated clock net sourced by a combinational pin gl/grid_reg[175]_LDC_i_1/O, cell gl/grid_reg[175]_LDC_i_1. This is not good design practice and will likely impact performance. For SLICE registers, for example, use the CE pin to control the loading of data.
Related violations: <none>

PDRC-153#65 Warning
Gated clock check  
Net gl/grid_reg[176]_1 is a gated clock net sourced by a combinational pin gl/grid_reg[176]_LDC_i_1/O, cell gl/grid_reg[176]_LDC_i_1. This is not good design practice and will likely impact performance. For SLICE registers, for example, use the CE pin to control the loading of data.
Related violations: <none>

PDRC-153#66 Warning
Gated clock check  
Net gl/grid_reg[177]_1 is a gated clock net sourced by a combinational pin gl/grid_reg[177]_LDC_i_1/O, cell gl/grid_reg[177]_LDC_i_1. This is not good design practice and will likely impact performance. For SLICE registers, for example, use the CE pin to control the loading of data.
Related violations: <none>

PDRC-153#67 Warning
Gated clock check  
Net gl/grid_reg[178]_1 is a gated clock net sourced by a combinational pin gl/grid_reg[178]_LDC_i_1/O, cell gl/grid_reg[178]_LDC_i_1. This is not good design practice and will likely impact performance. For SLICE registers, for example, use the CE pin to control the loading of data.
Related violations: <none>

PDRC-153#68 Warning
Gated clock check  
Net gl/grid_reg[181]_1 is a gated clock net sourced by a combinational pin gl/grid_reg[181]_LDC_i_1/O, cell gl/grid_reg[181]_LDC_i_1. This is not good design practice and will likely impact performance. For SLICE registers, for example, use the CE pin to control the loading of data.
Related violations: <none>

PDRC-153#69 Warning
Gated clock check  
Net gl/grid_reg[182]_1 is a gated clock net sourced by a combinational pin gl/grid_reg[182]_LDC_i_1/O, cell gl/grid_reg[182]_LDC_i_1. This is not good design practice and will likely impact performance. For SLICE registers, for example, use the CE pin to control the loading of data.
Related violations: <none>

PDRC-153#70 Warning
Gated clock check  
Net gl/grid_reg[183]_1 is a gated clock net sourced by a combinational pin gl/grid_reg[183]_LDC_i_1/O, cell gl/grid_reg[183]_LDC_i_1. This is not good design practice and will likely impact performance. For SLICE registers, for example, use the CE pin to control the loading of data.
Related violations: <none>

PDRC-153#71 Warning
Gated clock check  
Net gl/grid_reg[184]_1 is a gated clock net sourced by a combinational pin gl/grid_reg[184]_LDC_i_1/O, cell gl/grid_reg[184]_LDC_i_1. This is not good design practice and will likely impact performance. For SLICE registers, for example, use the CE pin to control the loading of data.
Related violations: <none>

PDRC-153#72 Warning
Gated clock check  
Net gl/grid_reg[185]_1 is a gated clock net sourced by a combinational pin gl/grid_reg[185]_LDC_i_1/O, cell gl/grid_reg[185]_LDC_i_1. This is not good design practice and will likely impact performance. For SLICE registers, for example, use the CE pin to control the loading of data.
Related violations: <none>

PDRC-153#73 Warning
Gated clock check  
Net gl/grid_reg[186]_1 is a gated clock net sourced by a combinational pin gl/grid_reg[186]_LDC_i_1/O, cell gl/grid_reg[186]_LDC_i_1. This is not good design practice and will likely impact performance. For SLICE registers, for example, use the CE pin to control the loading of data.
Related violations: <none>

PDRC-153#74 Warning
Gated clock check  
Net gl/grid_reg[187]_1 is a gated clock net sourced by a combinational pin gl/grid_reg[187]_LDC_i_1/O, cell gl/grid_reg[187]_LDC_i_1. This is not good design practice and will likely impact performance. For SLICE registers, for example, use the CE pin to control the loading of data.
Related violations: <none>

PDRC-153#75 Warning
Gated clock check  
Net gl/grid_reg[188]_1 is a gated clock net sourced by a combinational pin gl/grid_reg[188]_LDC_i_1/O, cell gl/grid_reg[188]_LDC_i_1. This is not good design practice and will likely impact performance. For SLICE registers, for example, use the CE pin to control the loading of data.
Related violations: <none>

PDRC-153#76 Warning
Gated clock check  
Net gl/grid_reg[189]_1 is a gated clock net sourced by a combinational pin gl/grid_reg[189]_LDC_i_1/O, cell gl/grid_reg[189]_LDC_i_1. This is not good design practice and will likely impact performance. For SLICE registers, for example, use the CE pin to control the loading of data.
Related violations: <none>

PDRC-153#77 Warning
Gated clock check  
Net gl/grid_reg[190]_1 is a gated clock net sourced by a combinational pin gl/grid_reg[190]_LDC_i_1/O, cell gl/grid_reg[190]_LDC_i_1. This is not good design practice and will likely impact performance. For SLICE registers, for example, use the CE pin to control the loading of data.
Related violations: <none>

PDRC-153#78 Warning
Gated clock check  
Net gl/grid_reg[193]_1 is a gated clock net sourced by a combinational pin gl/grid_reg[193]_LDC_i_1/O, cell gl/grid_reg[193]_LDC_i_1. This is not good design practice and will likely impact performance. For SLICE registers, for example, use the CE pin to control the loading of data.
Related violations: <none>

PDRC-153#79 Warning
Gated clock check  
Net gl/grid_reg[194]_1 is a gated clock net sourced by a combinational pin gl/grid_reg[194]_LDC_i_1/O, cell gl/grid_reg[194]_LDC_i_1. This is not good design practice and will likely impact performance. For SLICE registers, for example, use the CE pin to control the loading of data.
Related violations: <none>

PDRC-153#80 Warning
Gated clock check  
Net gl/grid_reg[195]_1 is a gated clock net sourced by a combinational pin gl/grid_reg[195]_LDC_i_1/O, cell gl/grid_reg[195]_LDC_i_1. This is not good design practice and will likely impact performance. For SLICE registers, for example, use the CE pin to control the loading of data.
Related violations: <none>

PDRC-153#81 Warning
Gated clock check  
Net gl/grid_reg[196]_1 is a gated clock net sourced by a combinational pin gl/grid_reg[196]_LDC_i_1/O, cell gl/grid_reg[196]_LDC_i_1. This is not good design practice and will likely impact performance. For SLICE registers, for example, use the CE pin to control the loading of data.
Related violations: <none>

PDRC-153#82 Warning
Gated clock check  
Net gl/grid_reg[197]_1 is a gated clock net sourced by a combinational pin gl/grid_reg[197]_LDC_i_1/O, cell gl/grid_reg[197]_LDC_i_1. This is not good design practice and will likely impact performance. For SLICE registers, for example, use the CE pin to control the loading of data.
Related violations: <none>

PDRC-153#83 Warning
Gated clock check  
Net gl/grid_reg[198]_1 is a gated clock net sourced by a combinational pin gl/grid_reg[198]_LDC_i_1/O, cell gl/grid_reg[198]_LDC_i_1. This is not good design practice and will likely impact performance. For SLICE registers, for example, use the CE pin to control the loading of data.
Related violations: <none>

PDRC-153#84 Warning
Gated clock check  
Net gl/grid_reg[199]_1 is a gated clock net sourced by a combinational pin gl/grid_reg[199]_LDC_i_1/O, cell gl/grid_reg[199]_LDC_i_1. This is not good design practice and will likely impact performance. For SLICE registers, for example, use the CE pin to control the loading of data.
Related violations: <none>

PDRC-153#85 Warning
Gated clock check  
Net gl/grid_reg[200]_1 is a gated clock net sourced by a combinational pin gl/grid_reg[200]_LDC_i_1/O, cell gl/grid_reg[200]_LDC_i_1. This is not good design practice and will likely impact performance. For SLICE registers, for example, use the CE pin to control the loading of data.
Related violations: <none>

PDRC-153#86 Warning
Gated clock check  
Net gl/grid_reg[201]_1 is a gated clock net sourced by a combinational pin gl/grid_reg[201]_LDC_i_1/O, cell gl/grid_reg[201]_LDC_i_1. This is not good design practice and will likely impact performance. For SLICE registers, for example, use the CE pin to control the loading of data.
Related violations: <none>

PDRC-153#87 Warning
Gated clock check  
Net gl/grid_reg[202]_1 is a gated clock net sourced by a combinational pin gl/grid_reg[202]_LDC_i_1/O, cell gl/grid_reg[202]_LDC_i_1. This is not good design practice and will likely impact performance. For SLICE registers, for example, use the CE pin to control the loading of data.
Related violations: <none>

PDRC-153#88 Warning
Gated clock check  
Net gl/grid_reg[205]_1 is a gated clock net sourced by a combinational pin gl/grid_reg[205]_LDC_i_1/O, cell gl/grid_reg[205]_LDC_i_1. This is not good design practice and will likely impact performance. For SLICE registers, for example, use the CE pin to control the loading of data.
Related violations: <none>

PDRC-153#89 Warning
Gated clock check  
Net gl/grid_reg[206]_1 is a gated clock net sourced by a combinational pin gl/grid_reg[206]_LDC_i_1/O, cell gl/grid_reg[206]_LDC_i_1. This is not good design practice and will likely impact performance. For SLICE registers, for example, use the CE pin to control the loading of data.
Related violations: <none>

PDRC-153#90 Warning
Gated clock check  
Net gl/grid_reg[207]_1 is a gated clock net sourced by a combinational pin gl/grid_reg[207]_LDC_i_1/O, cell gl/grid_reg[207]_LDC_i_1. This is not good design practice and will likely impact performance. For SLICE registers, for example, use the CE pin to control the loading of data.
Related violations: <none>

PDRC-153#91 Warning
Gated clock check  
Net gl/grid_reg[208]_1 is a gated clock net sourced by a combinational pin gl/grid_reg[208]_LDC_i_1/O, cell gl/grid_reg[208]_LDC_i_1. This is not good design practice and will likely impact performance. For SLICE registers, for example, use the CE pin to control the loading of data.
Related violations: <none>

PDRC-153#92 Warning
Gated clock check  
Net gl/grid_reg[209]_1 is a gated clock net sourced by a combinational pin gl/grid_reg[209]_LDC_i_1/O, cell gl/grid_reg[209]_LDC_i_1. This is not good design practice and will likely impact performance. For SLICE registers, for example, use the CE pin to control the loading of data.
Related violations: <none>

PDRC-153#93 Warning
Gated clock check  
Net gl/grid_reg[210]_1 is a gated clock net sourced by a combinational pin gl/grid_reg[210]_LDC_i_1/O, cell gl/grid_reg[210]_LDC_i_1. This is not good design practice and will likely impact performance. For SLICE registers, for example, use the CE pin to control the loading of data.
Related violations: <none>

PDRC-153#94 Warning
Gated clock check  
Net gl/grid_reg[211]_1 is a gated clock net sourced by a combinational pin gl/grid_reg[211]_LDC_i_1/O, cell gl/grid_reg[211]_LDC_i_1. This is not good design practice and will likely impact performance. For SLICE registers, for example, use the CE pin to control the loading of data.
Related violations: <none>

PDRC-153#95 Warning
Gated clock check  
Net gl/grid_reg[212]_1 is a gated clock net sourced by a combinational pin gl/grid_reg[212]_LDC_i_1/O, cell gl/grid_reg[212]_LDC_i_1. This is not good design practice and will likely impact performance. For SLICE registers, for example, use the CE pin to control the loading of data.
Related violations: <none>

PDRC-153#96 Warning
Gated clock check  
Net gl/grid_reg[213]_1 is a gated clock net sourced by a combinational pin gl/grid_reg[213]_LDC_i_1/O, cell gl/grid_reg[213]_LDC_i_1. This is not good design practice and will likely impact performance. For SLICE registers, for example, use the CE pin to control the loading of data.
Related violations: <none>

PDRC-153#97 Warning
Gated clock check  
Net gl/grid_reg[214]_1 is a gated clock net sourced by a combinational pin gl/grid_reg[214]_LDC_i_1/O, cell gl/grid_reg[214]_LDC_i_1. This is not good design practice and will likely impact performance. For SLICE registers, for example, use the CE pin to control the loading of data.
Related violations: <none>

PDRC-153#98 Warning
Gated clock check  
Net gl/grid_reg[217]_1 is a gated clock net sourced by a combinational pin gl/grid_reg[217]_LDC_i_1/O, cell gl/grid_reg[217]_LDC_i_1. This is not good design practice and will likely impact performance. For SLICE registers, for example, use the CE pin to control the loading of data.
Related violations: <none>

PDRC-153#99 Warning
Gated clock check  
Net gl/grid_reg[218]_1 is a gated clock net sourced by a combinational pin gl/grid_reg[218]_LDC_i_1/O, cell gl/grid_reg[218]_LDC_i_1. This is not good design practice and will likely impact performance. For SLICE registers, for example, use the CE pin to control the loading of data.
Related violations: <none>

PDRC-153#100 Warning
Gated clock check  
Net gl/grid_reg[219]_1 is a gated clock net sourced by a combinational pin gl/grid_reg[219]_LDC_i_1/O, cell gl/grid_reg[219]_LDC_i_1. This is not good design practice and will likely impact performance. For SLICE registers, for example, use the CE pin to control the loading of data.
Related violations: <none>

PDRC-153#101 Warning
Gated clock check  
Net gl/grid_reg[220]_1 is a gated clock net sourced by a combinational pin gl/grid_reg[220]_LDC_i_1/O, cell gl/grid_reg[220]_LDC_i_1. This is not good design practice and will likely impact performance. For SLICE registers, for example, use the CE pin to control the loading of data.
Related violations: <none>

PDRC-153#102 Warning
Gated clock check  
Net gl/grid_reg[221]_1 is a gated clock net sourced by a combinational pin gl/grid_reg[221]_LDC_i_1/O, cell gl/grid_reg[221]_LDC_i_1. This is not good design practice and will likely impact performance. For SLICE registers, for example, use the CE pin to control the loading of data.
Related violations: <none>

PDRC-153#103 Warning
Gated clock check  
Net gl/grid_reg[222]_1 is a gated clock net sourced by a combinational pin gl/grid_reg[222]_LDC_i_1/O, cell gl/grid_reg[222]_LDC_i_1. This is not good design practice and will likely impact performance. For SLICE registers, for example, use the CE pin to control the loading of data.
Related violations: <none>

PDRC-153#104 Warning
Gated clock check  
Net gl/grid_reg[223]_1 is a gated clock net sourced by a combinational pin gl/grid_reg[223]_LDC_i_1/O, cell gl/grid_reg[223]_LDC_i_1. This is not good design practice and will likely impact performance. For SLICE registers, for example, use the CE pin to control the loading of data.
Related violations: <none>

PDRC-153#105 Warning
Gated clock check  
Net gl/grid_reg[224]_1 is a gated clock net sourced by a combinational pin gl/grid_reg[224]_LDC_i_1/O, cell gl/grid_reg[224]_LDC_i_1. This is not good design practice and will likely impact performance. For SLICE registers, for example, use the CE pin to control the loading of data.
Related violations: <none>

PDRC-153#106 Warning
Gated clock check  
Net gl/grid_reg[225]_1 is a gated clock net sourced by a combinational pin gl/grid_reg[225]_LDC_i_1/O, cell gl/grid_reg[225]_LDC_i_1. This is not good design practice and will likely impact performance. For SLICE registers, for example, use the CE pin to control the loading of data.
Related violations: <none>

PDRC-153#107 Warning
Gated clock check  
Net gl/grid_reg[226]_1 is a gated clock net sourced by a combinational pin gl/grid_reg[226]_LDC_i_1/O, cell gl/grid_reg[226]_LDC_i_1. This is not good design practice and will likely impact performance. For SLICE registers, for example, use the CE pin to control the loading of data.
Related violations: <none>

PDRC-153#108 Warning
Gated clock check  
Net gl/grid_reg[229]_1 is a gated clock net sourced by a combinational pin gl/grid_reg[229]_LDC_i_1/O, cell gl/grid_reg[229]_LDC_i_1. This is not good design practice and will likely impact performance. For SLICE registers, for example, use the CE pin to control the loading of data.
Related violations: <none>

PDRC-153#109 Warning
Gated clock check  
Net gl/grid_reg[230]_1 is a gated clock net sourced by a combinational pin gl/grid_reg[230]_LDC_i_1/O, cell gl/grid_reg[230]_LDC_i_1. This is not good design practice and will likely impact performance. For SLICE registers, for example, use the CE pin to control the loading of data.
Related violations: <none>

PDRC-153#110 Warning
Gated clock check  
Net gl/grid_reg[231]_1 is a gated clock net sourced by a combinational pin gl/grid_reg[231]_LDC_i_1/O, cell gl/grid_reg[231]_LDC_i_1. This is not good design practice and will likely impact performance. For SLICE registers, for example, use the CE pin to control the loading of data.
Related violations: <none>

PDRC-153#111 Warning
Gated clock check  
Net gl/grid_reg[232]_1 is a gated clock net sourced by a combinational pin gl/grid_reg[232]_LDC_i_1/O, cell gl/grid_reg[232]_LDC_i_1. This is not good design practice and will likely impact performance. For SLICE registers, for example, use the CE pin to control the loading of data.
Related violations: <none>

PDRC-153#112 Warning
Gated clock check  
Net gl/grid_reg[233]_1 is a gated clock net sourced by a combinational pin gl/grid_reg[233]_LDC_i_1/O, cell gl/grid_reg[233]_LDC_i_1. This is not good design practice and will likely impact performance. For SLICE registers, for example, use the CE pin to control the loading of data.
Related violations: <none>

PDRC-153#113 Warning
Gated clock check  
Net gl/grid_reg[234]_1 is a gated clock net sourced by a combinational pin gl/grid_reg[234]_LDC_i_1/O, cell gl/grid_reg[234]_LDC_i_1. This is not good design practice and will likely impact performance. For SLICE registers, for example, use the CE pin to control the loading of data.
Related violations: <none>

PDRC-153#114 Warning
Gated clock check  
Net gl/grid_reg[235]_1 is a gated clock net sourced by a combinational pin gl/grid_reg[235]_LDC_i_1/O, cell gl/grid_reg[235]_LDC_i_1. This is not good design practice and will likely impact performance. For SLICE registers, for example, use the CE pin to control the loading of data.
Related violations: <none>

PDRC-153#115 Warning
Gated clock check  
Net gl/grid_reg[236]_1 is a gated clock net sourced by a combinational pin gl/grid_reg[236]_LDC_i_1/O, cell gl/grid_reg[236]_LDC_i_1. This is not good design practice and will likely impact performance. For SLICE registers, for example, use the CE pin to control the loading of data.
Related violations: <none>

PDRC-153#116 Warning
Gated clock check  
Net gl/grid_reg[237]_1 is a gated clock net sourced by a combinational pin gl/grid_reg[237]_LDC_i_1/O, cell gl/grid_reg[237]_LDC_i_1. This is not good design practice and will likely impact performance. For SLICE registers, for example, use the CE pin to control the loading of data.
Related violations: <none>

PDRC-153#117 Warning
Gated clock check  
Net gl/grid_reg[238]_1 is a gated clock net sourced by a combinational pin gl/grid_reg[238]_LDC_i_1/O, cell gl/grid_reg[238]_LDC_i_1. This is not good design practice and will likely impact performance. For SLICE registers, for example, use the CE pin to control the loading of data.
Related violations: <none>

PDRC-153#118 Warning
Gated clock check  
Net gl/grid_reg[241]_1 is a gated clock net sourced by a combinational pin gl/grid_reg[241]_LDC_i_1/O, cell gl/grid_reg[241]_LDC_i_1. This is not good design practice and will likely impact performance. For SLICE registers, for example, use the CE pin to control the loading of data.
Related violations: <none>

PDRC-153#119 Warning
Gated clock check  
Net gl/grid_reg[242]_1 is a gated clock net sourced by a combinational pin gl/grid_reg[242]_LDC_i_1/O, cell gl/grid_reg[242]_LDC_i_1. This is not good design practice and will likely impact performance. For SLICE registers, for example, use the CE pin to control the loading of data.
Related violations: <none>

PDRC-153#120 Warning
Gated clock check  
Net gl/grid_reg[243]_1 is a gated clock net sourced by a combinational pin gl/grid_reg[243]_LDC_i_1/O, cell gl/grid_reg[243]_LDC_i_1. This is not good design practice and will likely impact performance. For SLICE registers, for example, use the CE pin to control the loading of data.
Related violations: <none>

PDRC-153#121 Warning
Gated clock check  
Net gl/grid_reg[244]_1 is a gated clock net sourced by a combinational pin gl/grid_reg[244]_LDC_i_1/O, cell gl/grid_reg[244]_LDC_i_1. This is not good design practice and will likely impact performance. For SLICE registers, for example, use the CE pin to control the loading of data.
Related violations: <none>

PDRC-153#122 Warning
Gated clock check  
Net gl/grid_reg[245]_1 is a gated clock net sourced by a combinational pin gl/grid_reg[245]_LDC_i_1/O, cell gl/grid_reg[245]_LDC_i_1. This is not good design practice and will likely impact performance. For SLICE registers, for example, use the CE pin to control the loading of data.
Related violations: <none>

PDRC-153#123 Warning
Gated clock check  
Net gl/grid_reg[246]_1 is a gated clock net sourced by a combinational pin gl/grid_reg[246]_LDC_i_1/O, cell gl/grid_reg[246]_LDC_i_1. This is not good design practice and will likely impact performance. For SLICE registers, for example, use the CE pin to control the loading of data.
Related violations: <none>

PDRC-153#124 Warning
Gated clock check  
Net gl/grid_reg[247]_1 is a gated clock net sourced by a combinational pin gl/grid_reg[247]_LDC_i_1/O, cell gl/grid_reg[247]_LDC_i_1. This is not good design practice and will likely impact performance. For SLICE registers, for example, use the CE pin to control the loading of data.
Related violations: <none>

PDRC-153#125 Warning
Gated clock check  
Net gl/grid_reg[248]_1 is a gated clock net sourced by a combinational pin gl/grid_reg[248]_LDC_i_1/O, cell gl/grid_reg[248]_LDC_i_1. This is not good design practice and will likely impact performance. For SLICE registers, for example, use the CE pin to control the loading of data.
Related violations: <none>

PDRC-153#126 Warning
Gated clock check  
Net gl/grid_reg[249]_1 is a gated clock net sourced by a combinational pin gl/grid_reg[249]_LDC_i_1/O, cell gl/grid_reg[249]_LDC_i_1. This is not good design practice and will likely impact performance. For SLICE registers, for example, use the CE pin to control the loading of data.
Related violations: <none>

PDRC-153#127 Warning
Gated clock check  
Net gl/grid_reg[250]_1 is a gated clock net sourced by a combinational pin gl/grid_reg[250]_LDC_i_1/O, cell gl/grid_reg[250]_LDC_i_1. This is not good design practice and will likely impact performance. For SLICE registers, for example, use the CE pin to control the loading of data.
Related violations: <none>

PDRC-153#128 Warning
Gated clock check  
Net gl/grid_reg[253]_1 is a gated clock net sourced by a combinational pin gl/grid_reg[253]_LDC_i_1/O, cell gl/grid_reg[253]_LDC_i_1. This is not good design practice and will likely impact performance. For SLICE registers, for example, use the CE pin to control the loading of data.
Related violations: <none>

PDRC-153#129 Warning
Gated clock check  
Net gl/grid_reg[254]_1 is a gated clock net sourced by a combinational pin gl/grid_reg[254]_LDC_i_1/O, cell gl/grid_reg[254]_LDC_i_1. This is not good design practice and will likely impact performance. For SLICE registers, for example, use the CE pin to control the loading of data.
Related violations: <none>

PDRC-153#130 Warning
Gated clock check  
Net gl/grid_reg[255]_1 is a gated clock net sourced by a combinational pin gl/grid_reg[255]_LDC_i_1/O, cell gl/grid_reg[255]_LDC_i_1. This is not good design practice and will likely impact performance. For SLICE registers, for example, use the CE pin to control the loading of data.
Related violations: <none>

PDRC-153#131 Warning
Gated clock check  
Net gl/grid_reg[256]_1 is a gated clock net sourced by a combinational pin gl/grid_reg[256]_LDC_i_1/O, cell gl/grid_reg[256]_LDC_i_1. This is not good design practice and will likely impact performance. For SLICE registers, for example, use the CE pin to control the loading of data.
Related violations: <none>

PDRC-153#132 Warning
Gated clock check  
Net gl/grid_reg[257]_1 is a gated clock net sourced by a combinational pin gl/grid_reg[257]_LDC_i_1/O, cell gl/grid_reg[257]_LDC_i_1. This is not good design practice and will likely impact performance. For SLICE registers, for example, use the CE pin to control the loading of data.
Related violations: <none>

PDRC-153#133 Warning
Gated clock check  
Net gl/grid_reg[258]_1 is a gated clock net sourced by a combinational pin gl/grid_reg[258]_LDC_i_1/O, cell gl/grid_reg[258]_LDC_i_1. This is not good design practice and will likely impact performance. For SLICE registers, for example, use the CE pin to control the loading of data.
Related violations: <none>

PDRC-153#134 Warning
Gated clock check  
Net gl/grid_reg[259]_1 is a gated clock net sourced by a combinational pin gl/grid_reg[259]_LDC_i_1/O, cell gl/grid_reg[259]_LDC_i_1. This is not good design practice and will likely impact performance. For SLICE registers, for example, use the CE pin to control the loading of data.
Related violations: <none>

PDRC-153#135 Warning
Gated clock check  
Net gl/grid_reg[25]_1 is a gated clock net sourced by a combinational pin gl/grid_reg[25]_LDC_i_1/O, cell gl/grid_reg[25]_LDC_i_1. This is not good design practice and will likely impact performance. For SLICE registers, for example, use the CE pin to control the loading of data.
Related violations: <none>

PDRC-153#136 Warning
Gated clock check  
Net gl/grid_reg[260]_1 is a gated clock net sourced by a combinational pin gl/grid_reg[260]_LDC_i_1/O, cell gl/grid_reg[260]_LDC_i_1. This is not good design practice and will likely impact performance. For SLICE registers, for example, use the CE pin to control the loading of data.
Related violations: <none>

PDRC-153#137 Warning
Gated clock check  
Net gl/grid_reg[261]_1 is a gated clock net sourced by a combinational pin gl/grid_reg[261]_LDC_i_1/O, cell gl/grid_reg[261]_LDC_i_1. This is not good design practice and will likely impact performance. For SLICE registers, for example, use the CE pin to control the loading of data.
Related violations: <none>

PDRC-153#138 Warning
Gated clock check  
Net gl/grid_reg[262]_1 is a gated clock net sourced by a combinational pin gl/grid_reg[262]_LDC_i_1/O, cell gl/grid_reg[262]_LDC_i_1. This is not good design practice and will likely impact performance. For SLICE registers, for example, use the CE pin to control the loading of data.
Related violations: <none>

PDRC-153#139 Warning
Gated clock check  
Net gl/grid_reg[265]_1 is a gated clock net sourced by a combinational pin gl/grid_reg[265]_LDC_i_1/O, cell gl/grid_reg[265]_LDC_i_1. This is not good design practice and will likely impact performance. For SLICE registers, for example, use the CE pin to control the loading of data.
Related violations: <none>

PDRC-153#140 Warning
Gated clock check  
Net gl/grid_reg[266]_1 is a gated clock net sourced by a combinational pin gl/grid_reg[266]_LDC_i_1/O, cell gl/grid_reg[266]_LDC_i_1. This is not good design practice and will likely impact performance. For SLICE registers, for example, use the CE pin to control the loading of data.
Related violations: <none>

PDRC-153#141 Warning
Gated clock check  
Net gl/grid_reg[267]_1 is a gated clock net sourced by a combinational pin gl/grid_reg[267]_LDC_i_1/O, cell gl/grid_reg[267]_LDC_i_1. This is not good design practice and will likely impact performance. For SLICE registers, for example, use the CE pin to control the loading of data.
Related violations: <none>

PDRC-153#142 Warning
Gated clock check  
Net gl/grid_reg[268]_1 is a gated clock net sourced by a combinational pin gl/grid_reg[268]_LDC_i_1/O, cell gl/grid_reg[268]_LDC_i_1. This is not good design practice and will likely impact performance. For SLICE registers, for example, use the CE pin to control the loading of data.
Related violations: <none>

PDRC-153#143 Warning
Gated clock check  
Net gl/grid_reg[269]_1 is a gated clock net sourced by a combinational pin gl/grid_reg[269]_LDC_i_1/O, cell gl/grid_reg[269]_LDC_i_1. This is not good design practice and will likely impact performance. For SLICE registers, for example, use the CE pin to control the loading of data.
Related violations: <none>

PDRC-153#144 Warning
Gated clock check  
Net gl/grid_reg[26]_1 is a gated clock net sourced by a combinational pin gl/grid_reg[26]_LDC_i_1/O, cell gl/grid_reg[26]_LDC_i_1. This is not good design practice and will likely impact performance. For SLICE registers, for example, use the CE pin to control the loading of data.
Related violations: <none>

PDRC-153#145 Warning
Gated clock check  
Net gl/grid_reg[270]_1 is a gated clock net sourced by a combinational pin gl/grid_reg[270]_LDC_i_1/O, cell gl/grid_reg[270]_LDC_i_1. This is not good design practice and will likely impact performance. For SLICE registers, for example, use the CE pin to control the loading of data.
Related violations: <none>

PDRC-153#146 Warning
Gated clock check  
Net gl/grid_reg[271]_1 is a gated clock net sourced by a combinational pin gl/grid_reg[271]_LDC_i_1/O, cell gl/grid_reg[271]_LDC_i_1. This is not good design practice and will likely impact performance. For SLICE registers, for example, use the CE pin to control the loading of data.
Related violations: <none>

PDRC-153#147 Warning
Gated clock check  
Net gl/grid_reg[272]_1 is a gated clock net sourced by a combinational pin gl/grid_reg[272]_LDC_i_1/O, cell gl/grid_reg[272]_LDC_i_1. This is not good design practice and will likely impact performance. For SLICE registers, for example, use the CE pin to control the loading of data.
Related violations: <none>

PDRC-153#148 Warning
Gated clock check  
Net gl/grid_reg[273]_1 is a gated clock net sourced by a combinational pin gl/grid_reg[273]_LDC_i_1/O, cell gl/grid_reg[273]_LDC_i_1. This is not good design practice and will likely impact performance. For SLICE registers, for example, use the CE pin to control the loading of data.
Related violations: <none>

PDRC-153#149 Warning
Gated clock check  
Net gl/grid_reg[274]_1 is a gated clock net sourced by a combinational pin gl/grid_reg[274]_LDC_i_1/O, cell gl/grid_reg[274]_LDC_i_1. This is not good design practice and will likely impact performance. For SLICE registers, for example, use the CE pin to control the loading of data.
Related violations: <none>

PDRC-153#150 Warning
Gated clock check  
Net gl/grid_reg[27]_1 is a gated clock net sourced by a combinational pin gl/grid_reg[27]_LDC_i_1/O, cell gl/grid_reg[27]_LDC_i_1. This is not good design practice and will likely impact performance. For SLICE registers, for example, use the CE pin to control the loading of data.
Related violations: <none>

PDRC-153#151 Warning
Gated clock check  
Net gl/grid_reg[28]_1 is a gated clock net sourced by a combinational pin gl/grid_reg[28]_LDC_i_1/O, cell gl/grid_reg[28]_LDC_i_1. This is not good design practice and will likely impact performance. For SLICE registers, for example, use the CE pin to control the loading of data.
Related violations: <none>

PDRC-153#152 Warning
Gated clock check  
Net gl/grid_reg[29]_1 is a gated clock net sourced by a combinational pin gl/grid_reg[29]_LDC_i_1/O, cell gl/grid_reg[29]_LDC_i_1. This is not good design practice and will likely impact performance. For SLICE registers, for example, use the CE pin to control the loading of data.
Related violations: <none>

PDRC-153#153 Warning
Gated clock check  
Net gl/grid_reg[30]_1 is a gated clock net sourced by a combinational pin gl/grid_reg[30]_LDC_i_1/O, cell gl/grid_reg[30]_LDC_i_1. This is not good design practice and will likely impact performance. For SLICE registers, for example, use the CE pin to control the loading of data.
Related violations: <none>

PDRC-153#154 Warning
Gated clock check  
Net gl/grid_reg[31]_1 is a gated clock net sourced by a combinational pin gl/grid_reg[31]_LDC_i_1/O, cell gl/grid_reg[31]_LDC_i_1. This is not good design practice and will likely impact performance. For SLICE registers, for example, use the CE pin to control the loading of data.
Related violations: <none>

PDRC-153#155 Warning
Gated clock check  
Net gl/grid_reg[32]_1 is a gated clock net sourced by a combinational pin gl/grid_reg[32]_LDC_i_1/O, cell gl/grid_reg[32]_LDC_i_1. This is not good design practice and will likely impact performance. For SLICE registers, for example, use the CE pin to control the loading of data.
Related violations: <none>

PDRC-153#156 Warning
Gated clock check  
Net gl/grid_reg[33]_1 is a gated clock net sourced by a combinational pin gl/grid_reg[33]_LDC_i_1/O, cell gl/grid_reg[33]_LDC_i_1. This is not good design practice and will likely impact performance. For SLICE registers, for example, use the CE pin to control the loading of data.
Related violations: <none>

PDRC-153#157 Warning
Gated clock check  
Net gl/grid_reg[34]_1 is a gated clock net sourced by a combinational pin gl/grid_reg[34]_LDC_i_1/O, cell gl/grid_reg[34]_LDC_i_1. This is not good design practice and will likely impact performance. For SLICE registers, for example, use the CE pin to control the loading of data.
Related violations: <none>

PDRC-153#158 Warning
Gated clock check  
Net gl/grid_reg[37]_1 is a gated clock net sourced by a combinational pin gl/grid_reg[37]_LDC_i_1/O, cell gl/grid_reg[37]_LDC_i_1. This is not good design practice and will likely impact performance. For SLICE registers, for example, use the CE pin to control the loading of data.
Related violations: <none>

PDRC-153#159 Warning
Gated clock check  
Net gl/grid_reg[38]_1 is a gated clock net sourced by a combinational pin gl/grid_reg[38]_LDC_i_1/O, cell gl/grid_reg[38]_LDC_i_1. This is not good design practice and will likely impact performance. For SLICE registers, for example, use the CE pin to control the loading of data.
Related violations: <none>

PDRC-153#160 Warning
Gated clock check  
Net gl/grid_reg[39]_1 is a gated clock net sourced by a combinational pin gl/grid_reg[39]_LDC_i_1/O, cell gl/grid_reg[39]_LDC_i_1. This is not good design practice and will likely impact performance. For SLICE registers, for example, use the CE pin to control the loading of data.
Related violations: <none>

PDRC-153#161 Warning
Gated clock check  
Net gl/grid_reg[40]_1 is a gated clock net sourced by a combinational pin gl/grid_reg[40]_LDC_i_1/O, cell gl/grid_reg[40]_LDC_i_1. This is not good design practice and will likely impact performance. For SLICE registers, for example, use the CE pin to control the loading of data.
Related violations: <none>

PDRC-153#162 Warning
Gated clock check  
Net gl/grid_reg[41]_1 is a gated clock net sourced by a combinational pin gl/grid_reg[41]_LDC_i_1/O, cell gl/grid_reg[41]_LDC_i_1. This is not good design practice and will likely impact performance. For SLICE registers, for example, use the CE pin to control the loading of data.
Related violations: <none>

PDRC-153#163 Warning
Gated clock check  
Net gl/grid_reg[42]_1 is a gated clock net sourced by a combinational pin gl/grid_reg[42]_LDC_i_1/O, cell gl/grid_reg[42]_LDC_i_1. This is not good design practice and will likely impact performance. For SLICE registers, for example, use the CE pin to control the loading of data.
Related violations: <none>

PDRC-153#164 Warning
Gated clock check  
Net gl/grid_reg[43]_1 is a gated clock net sourced by a combinational pin gl/grid_reg[43]_LDC_i_1/O, cell gl/grid_reg[43]_LDC_i_1. This is not good design practice and will likely impact performance. For SLICE registers, for example, use the CE pin to control the loading of data.
Related violations: <none>

PDRC-153#165 Warning
Gated clock check  
Net gl/grid_reg[44]_1 is a gated clock net sourced by a combinational pin gl/grid_reg[44]_LDC_i_1/O, cell gl/grid_reg[44]_LDC_i_1. This is not good design practice and will likely impact performance. For SLICE registers, for example, use the CE pin to control the loading of data.
Related violations: <none>

PDRC-153#166 Warning
Gated clock check  
Net gl/grid_reg[45]_1 is a gated clock net sourced by a combinational pin gl/grid_reg[45]_LDC_i_1/O, cell gl/grid_reg[45]_LDC_i_1. This is not good design practice and will likely impact performance. For SLICE registers, for example, use the CE pin to control the loading of data.
Related violations: <none>

PDRC-153#167 Warning
Gated clock check  
Net gl/grid_reg[46]_1 is a gated clock net sourced by a combinational pin gl/grid_reg[46]_LDC_i_1/O, cell gl/grid_reg[46]_LDC_i_1. This is not good design practice and will likely impact performance. For SLICE registers, for example, use the CE pin to control the loading of data.
Related violations: <none>

PDRC-153#168 Warning
Gated clock check  
Net gl/grid_reg[49]_1 is a gated clock net sourced by a combinational pin gl/grid_reg[49]_LDC_i_1/O, cell gl/grid_reg[49]_LDC_i_1. This is not good design practice and will likely impact performance. For SLICE registers, for example, use the CE pin to control the loading of data.
Related violations: <none>

PDRC-153#169 Warning
Gated clock check  
Net gl/grid_reg[50]_1 is a gated clock net sourced by a combinational pin gl/grid_reg[50]_LDC_i_1/O, cell gl/grid_reg[50]_LDC_i_1. This is not good design practice and will likely impact performance. For SLICE registers, for example, use the CE pin to control the loading of data.
Related violations: <none>

PDRC-153#170 Warning
Gated clock check  
Net gl/grid_reg[51]_1 is a gated clock net sourced by a combinational pin gl/grid_reg[51]_LDC_i_1/O, cell gl/grid_reg[51]_LDC_i_1. This is not good design practice and will likely impact performance. For SLICE registers, for example, use the CE pin to control the loading of data.
Related violations: <none>

PDRC-153#171 Warning
Gated clock check  
Net gl/grid_reg[52]_1 is a gated clock net sourced by a combinational pin gl/grid_reg[52]_LDC_i_1/O, cell gl/grid_reg[52]_LDC_i_1. This is not good design practice and will likely impact performance. For SLICE registers, for example, use the CE pin to control the loading of data.
Related violations: <none>

PDRC-153#172 Warning
Gated clock check  
Net gl/grid_reg[53]_1 is a gated clock net sourced by a combinational pin gl/grid_reg[53]_LDC_i_1/O, cell gl/grid_reg[53]_LDC_i_1. This is not good design practice and will likely impact performance. For SLICE registers, for example, use the CE pin to control the loading of data.
Related violations: <none>

PDRC-153#173 Warning
Gated clock check  
Net gl/grid_reg[54]_1 is a gated clock net sourced by a combinational pin gl/grid_reg[54]_LDC_i_1/O, cell gl/grid_reg[54]_LDC_i_1. This is not good design practice and will likely impact performance. For SLICE registers, for example, use the CE pin to control the loading of data.
Related violations: <none>

PDRC-153#174 Warning
Gated clock check  
Net gl/grid_reg[55]_1 is a gated clock net sourced by a combinational pin gl/grid_reg[55]_LDC_i_1/O, cell gl/grid_reg[55]_LDC_i_1. This is not good design practice and will likely impact performance. For SLICE registers, for example, use the CE pin to control the loading of data.
Related violations: <none>

PDRC-153#175 Warning
Gated clock check  
Net gl/grid_reg[56]_1 is a gated clock net sourced by a combinational pin gl/grid_reg[56]_LDC_i_1/O, cell gl/grid_reg[56]_LDC_i_1. This is not good design practice and will likely impact performance. For SLICE registers, for example, use the CE pin to control the loading of data.
Related violations: <none>

PDRC-153#176 Warning
Gated clock check  
Net gl/grid_reg[57]_1 is a gated clock net sourced by a combinational pin gl/grid_reg[57]_LDC_i_1/O, cell gl/grid_reg[57]_LDC_i_1. This is not good design practice and will likely impact performance. For SLICE registers, for example, use the CE pin to control the loading of data.
Related violations: <none>

PDRC-153#177 Warning
Gated clock check  
Net gl/grid_reg[58]_1 is a gated clock net sourced by a combinational pin gl/grid_reg[58]_LDC_i_1/O, cell gl/grid_reg[58]_LDC_i_1. This is not good design practice and will likely impact performance. For SLICE registers, for example, use the CE pin to control the loading of data.
Related violations: <none>

PDRC-153#178 Warning
Gated clock check  
Net gl/grid_reg[61]_1 is a gated clock net sourced by a combinational pin gl/grid_reg[61]_LDC_i_1/O, cell gl/grid_reg[61]_LDC_i_1. This is not good design practice and will likely impact performance. For SLICE registers, for example, use the CE pin to control the loading of data.
Related violations: <none>

PDRC-153#179 Warning
Gated clock check  
Net gl/grid_reg[62]_1 is a gated clock net sourced by a combinational pin gl/grid_reg[62]_LDC_i_1/O, cell gl/grid_reg[62]_LDC_i_1. This is not good design practice and will likely impact performance. For SLICE registers, for example, use the CE pin to control the loading of data.
Related violations: <none>

PDRC-153#180 Warning
Gated clock check  
Net gl/grid_reg[63]_1 is a gated clock net sourced by a combinational pin gl/grid_reg[63]_LDC_i_1/O, cell gl/grid_reg[63]_LDC_i_1. This is not good design practice and will likely impact performance. For SLICE registers, for example, use the CE pin to control the loading of data.
Related violations: <none>

PDRC-153#181 Warning
Gated clock check  
Net gl/grid_reg[64]_1 is a gated clock net sourced by a combinational pin gl/grid_reg[64]_LDC_i_1/O, cell gl/grid_reg[64]_LDC_i_1. This is not good design practice and will likely impact performance. For SLICE registers, for example, use the CE pin to control the loading of data.
Related violations: <none>

PDRC-153#182 Warning
Gated clock check  
Net gl/grid_reg[65]_1 is a gated clock net sourced by a combinational pin gl/grid_reg[65]_LDC_i_1/O, cell gl/grid_reg[65]_LDC_i_1. This is not good design practice and will likely impact performance. For SLICE registers, for example, use the CE pin to control the loading of data.
Related violations: <none>

PDRC-153#183 Warning
Gated clock check  
Net gl/grid_reg[66]_1 is a gated clock net sourced by a combinational pin gl/grid_reg[66]_LDC_i_1/O, cell gl/grid_reg[66]_LDC_i_1. This is not good design practice and will likely impact performance. For SLICE registers, for example, use the CE pin to control the loading of data.
Related violations: <none>

PDRC-153#184 Warning
Gated clock check  
Net gl/grid_reg[67]_1 is a gated clock net sourced by a combinational pin gl/grid_reg[67]_LDC_i_1/O, cell gl/grid_reg[67]_LDC_i_1. This is not good design practice and will likely impact performance. For SLICE registers, for example, use the CE pin to control the loading of data.
Related violations: <none>

PDRC-153#185 Warning
Gated clock check  
Net gl/grid_reg[68]_1 is a gated clock net sourced by a combinational pin gl/grid_reg[68]_LDC_i_1/O, cell gl/grid_reg[68]_LDC_i_1. This is not good design practice and will likely impact performance. For SLICE registers, for example, use the CE pin to control the loading of data.
Related violations: <none>

PDRC-153#186 Warning
Gated clock check  
Net gl/grid_reg[69]_1 is a gated clock net sourced by a combinational pin gl/grid_reg[69]_LDC_i_1/O, cell gl/grid_reg[69]_LDC_i_1. This is not good design practice and will likely impact performance. For SLICE registers, for example, use the CE pin to control the loading of data.
Related violations: <none>

PDRC-153#187 Warning
Gated clock check  
Net gl/grid_reg[70]_1 is a gated clock net sourced by a combinational pin gl/grid_reg[70]_LDC_i_1/O, cell gl/grid_reg[70]_LDC_i_1. This is not good design practice and will likely impact performance. For SLICE registers, for example, use the CE pin to control the loading of data.
Related violations: <none>

PDRC-153#188 Warning
Gated clock check  
Net gl/grid_reg[73]_1 is a gated clock net sourced by a combinational pin gl/grid_reg[73]_LDC_i_1/O, cell gl/grid_reg[73]_LDC_i_1. This is not good design practice and will likely impact performance. For SLICE registers, for example, use the CE pin to control the loading of data.
Related violations: <none>

PDRC-153#189 Warning
Gated clock check  
Net gl/grid_reg[74]_1 is a gated clock net sourced by a combinational pin gl/grid_reg[74]_LDC_i_1/O, cell gl/grid_reg[74]_LDC_i_1. This is not good design practice and will likely impact performance. For SLICE registers, for example, use the CE pin to control the loading of data.
Related violations: <none>

PDRC-153#190 Warning
Gated clock check  
Net gl/grid_reg[75]_1 is a gated clock net sourced by a combinational pin gl/grid_reg[75]_LDC_i_1/O, cell gl/grid_reg[75]_LDC_i_1. This is not good design practice and will likely impact performance. For SLICE registers, for example, use the CE pin to control the loading of data.
Related violations: <none>

PDRC-153#191 Warning
Gated clock check  
Net gl/grid_reg[76]_1 is a gated clock net sourced by a combinational pin gl/grid_reg[76]_LDC_i_1/O, cell gl/grid_reg[76]_LDC_i_1. This is not good design practice and will likely impact performance. For SLICE registers, for example, use the CE pin to control the loading of data.
Related violations: <none>

PDRC-153#192 Warning
Gated clock check  
Net gl/grid_reg[77]_1 is a gated clock net sourced by a combinational pin gl/grid_reg[77]_LDC_i_1/O, cell gl/grid_reg[77]_LDC_i_1. This is not good design practice and will likely impact performance. For SLICE registers, for example, use the CE pin to control the loading of data.
Related violations: <none>

PDRC-153#193 Warning
Gated clock check  
Net gl/grid_reg[78]_1 is a gated clock net sourced by a combinational pin gl/grid_reg[78]_LDC_i_1/O, cell gl/grid_reg[78]_LDC_i_1. This is not good design practice and will likely impact performance. For SLICE registers, for example, use the CE pin to control the loading of data.
Related violations: <none>

PDRC-153#194 Warning
Gated clock check  
Net gl/grid_reg[79]_1 is a gated clock net sourced by a combinational pin gl/grid_reg[79]_LDC_i_1/O, cell gl/grid_reg[79]_LDC_i_1. This is not good design practice and will likely impact performance. For SLICE registers, for example, use the CE pin to control the loading of data.
Related violations: <none>

PDRC-153#195 Warning
Gated clock check  
Net gl/grid_reg[80]_1 is a gated clock net sourced by a combinational pin gl/grid_reg[80]_LDC_i_1/O, cell gl/grid_reg[80]_LDC_i_1. This is not good design practice and will likely impact performance. For SLICE registers, for example, use the CE pin to control the loading of data.
Related violations: <none>

PDRC-153#196 Warning
Gated clock check  
Net gl/grid_reg[81]_1 is a gated clock net sourced by a combinational pin gl/grid_reg[81]_LDC_i_1/O, cell gl/grid_reg[81]_LDC_i_1. This is not good design practice and will likely impact performance. For SLICE registers, for example, use the CE pin to control the loading of data.
Related violations: <none>

PDRC-153#197 Warning
Gated clock check  
Net gl/grid_reg[82]_1 is a gated clock net sourced by a combinational pin gl/grid_reg[82]_LDC_i_1/O, cell gl/grid_reg[82]_LDC_i_1. This is not good design practice and will likely impact performance. For SLICE registers, for example, use the CE pin to control the loading of data.
Related violations: <none>

PDRC-153#198 Warning
Gated clock check  
Net gl/grid_reg[85]_1 is a gated clock net sourced by a combinational pin gl/grid_reg[85]_LDC_i_1/O, cell gl/grid_reg[85]_LDC_i_1. This is not good design practice and will likely impact performance. For SLICE registers, for example, use the CE pin to control the loading of data.
Related violations: <none>

PDRC-153#199 Warning
Gated clock check  
Net gl/grid_reg[86]_1 is a gated clock net sourced by a combinational pin gl/grid_reg[86]_LDC_i_1/O, cell gl/grid_reg[86]_LDC_i_1. This is not good design practice and will likely impact performance. For SLICE registers, for example, use the CE pin to control the loading of data.
Related violations: <none>

PDRC-153#200 Warning
Gated clock check  
Net gl/grid_reg[87]_1 is a gated clock net sourced by a combinational pin gl/grid_reg[87]_LDC_i_1/O, cell gl/grid_reg[87]_LDC_i_1. This is not good design practice and will likely impact performance. For SLICE registers, for example, use the CE pin to control the loading of data.
Related violations: <none>

PDRC-153#201 Warning
Gated clock check  
Net gl/grid_reg[88]_1 is a gated clock net sourced by a combinational pin gl/grid_reg[88]_LDC_i_1/O, cell gl/grid_reg[88]_LDC_i_1. This is not good design practice and will likely impact performance. For SLICE registers, for example, use the CE pin to control the loading of data.
Related violations: <none>

PDRC-153#202 Warning
Gated clock check  
Net gl/grid_reg[89]_1 is a gated clock net sourced by a combinational pin gl/grid_reg[89]_LDC_i_1/O, cell gl/grid_reg[89]_LDC_i_1. This is not good design practice and will likely impact performance. For SLICE registers, for example, use the CE pin to control the loading of data.
Related violations: <none>

PDRC-153#203 Warning
Gated clock check  
Net gl/grid_reg[90]_1 is a gated clock net sourced by a combinational pin gl/grid_reg[90]_LDC_i_1/O, cell gl/grid_reg[90]_LDC_i_1. This is not good design practice and will likely impact performance. For SLICE registers, for example, use the CE pin to control the loading of data.
Related violations: <none>

PDRC-153#204 Warning
Gated clock check  
Net gl/grid_reg[91]_1 is a gated clock net sourced by a combinational pin gl/grid_reg[91]_LDC_i_1/O, cell gl/grid_reg[91]_LDC_i_1. This is not good design practice and will likely impact performance. For SLICE registers, for example, use the CE pin to control the loading of data.
Related violations: <none>

PDRC-153#205 Warning
Gated clock check  
Net gl/grid_reg[92]_1 is a gated clock net sourced by a combinational pin gl/grid_reg[92]_LDC_i_1/O, cell gl/grid_reg[92]_LDC_i_1. This is not good design practice and will likely impact performance. For SLICE registers, for example, use the CE pin to control the loading of data.
Related violations: <none>

PDRC-153#206 Warning
Gated clock check  
Net gl/grid_reg[93]_1 is a gated clock net sourced by a combinational pin gl/grid_reg[93]_LDC_i_1/O, cell gl/grid_reg[93]_LDC_i_1. This is not good design practice and will likely impact performance. For SLICE registers, for example, use the CE pin to control the loading of data.
Related violations: <none>

PDRC-153#207 Warning
Gated clock check  
Net gl/grid_reg[94]_1 is a gated clock net sourced by a combinational pin gl/grid_reg[94]_LDC_i_1/O, cell gl/grid_reg[94]_LDC_i_1. This is not good design practice and will likely impact performance. For SLICE registers, for example, use the CE pin to control the loading of data.
Related violations: <none>

PDRC-153#208 Warning
Gated clock check  
Net gl/grid_reg[97]_1 is a gated clock net sourced by a combinational pin gl/grid_reg[97]_LDC_i_1/O, cell gl/grid_reg[97]_LDC_i_1. This is not good design practice and will likely impact performance. For SLICE registers, for example, use the CE pin to control the loading of data.
Related violations: <none>

PDRC-153#209 Warning
Gated clock check  
Net gl/grid_reg[98]_1 is a gated clock net sourced by a combinational pin gl/grid_reg[98]_LDC_i_1/O, cell gl/grid_reg[98]_LDC_i_1. This is not good design practice and will likely impact performance. For SLICE registers, for example, use the CE pin to control the loading of data.
Related violations: <none>

PDRC-153#210 Warning
Gated clock check  
Net gl/grid_reg[99]_1 is a gated clock net sourced by a combinational pin gl/grid_reg[99]_LDC_i_1/O, cell gl/grid_reg[99]_LDC_i_1. This is not good design practice and will likely impact performance. For SLICE registers, for example, use the CE pin to control the loading of data.
Related violations: <none>


